生成启动时间为 2015/9/5 9:00:54。
     1>项目“E:\customCode\visual studio 2013\Projects\MineServer\MineServer\MineServer.vcxproj”在节点 2 上(Build 个目标)。
     1>ClCompile:
         C:\Program Files (x86)\Microsoft Visual Studio 12.0\VC\bin\CL.exe /c /ZI /nologo /W3 /WX- /sdl /Od /Oy- /D WIN32 /D _DEBUG /D _CONSOLE /D _LIB /D _UNICODE /D UNICODE /D _SCL_SECURE_NO_WARNINGS /Gm /EHsc /RTC1 /MDd /GS /fp:precise /Zc:wchar_t /Zc:forScope /Yu"stdafx.h" /Fp"Debug\MineServer.pch" /Fo"Debug\\" /Fd"Debug\vc120.pdb" /Gd /TP /analyze- /errorReport:prompt LoginModule.cpp
         LoginModule.cpp
       Link:
         C:\Program Files (x86)\Microsoft Visual Studio 12.0\VC\bin\link.exe /ERRORREPORT:PROMPT /OUT:"E:\customCode\visual studio 2013\Projects\MineServer\Debug\MineServer.exe" /INCREMENTAL /NOLOGO kernel32.lib user32.lib gdi32.lib winspool.lib comdlg32.lib advapi32.lib shell32.lib ole32.lib oleaut32.lib uuid.lib odbc32.lib odbccp32.lib kernel32.lib user32.lib gdi32.lib winspool.lib comdlg32.lib advapi32.lib shell32.lib ole32.lib oleaut32.lib uuid.lib odbc32.lib odbccp32.lib libprotobuf.lib libmysql.lib /MANIFEST /MANIFESTUAC:"level='asInvoker' uiAccess='false'" /manifest:embed /DEBUG /PDB:"E:\customCode\visual studio 2013\Projects\MineServer\Debug\MineServer.pdb" /SUBSYSTEM:CONSOLE /TLBID:1 /DYNAMICBASE /NXCOMPAT /IMPLIB:"E:\customCode\visual studio 2013\Projects\MineServer\Debug\MineServer.lib" /MACHINE:X86 Debug\MineServer.res
         Debug\BaseDelegate.obj
         Debug\BaseEvent.obj
         Debug\BaseEventDispatcher.obj
         Debug\BaseModule.obj
         Debug\charset.obj
         Debug\chatapp.pb.obj
         Debug\Connect.obj
         Debug\ConnectMgr.obj
         Debug\DataBaseEvent.obj
         Debug\DataBaseModule.obj
         Debug\DataBaseMySql.obj
         Debug\DataBaseProxy.obj
         Debug\echo_str.pb.obj
         Debug\IBaseDelegate.obj
         Debug\IDataBase.obj
         Debug\Lock.obj
         Debug\LockableObject.obj
         Debug\LockCriticalSection.obj
         Debug\LockList.obj
         Debug\login.pb.obj
         Debug\LoginEvent.obj
         Debug\LoginModule.obj
         Debug\LoginProtocol.obj
         Debug\LogMgr.obj
         Debug\LogModule.obj
         Debug\MineServer.obj
         Debug\ModuleMgr.obj
         Debug\NetworkEvent.obj
         Debug\NetworkMgr.obj
         Debug\NetworkModule.obj
         Debug\people.pb.obj
         Debug\ProtocolEvent.obj
         Debug\ProtocolModule.obj
         Debug\Receive.obj
         Debug\response.pb.obj
         Debug\stdafx.obj
         Debug\TimeEvent.obj
         Debug\TimeModule.obj
         Debug\TimeTicker.obj
         MineServer.vcxproj -> E:\customCode\visual studio 2013\Projects\MineServer\Debug\MineServer.exe
     1>已完成生成项目“E:\customCode\visual studio 2013\Projects\MineServer\MineServer\MineServer.vcxproj”(Build 个目标)的操作。

生成成功。

已用时间 00:00:02.43
